Flow report for main
Mon Nov 19 23:13:07 2018
Quartus Prime Version 18.1.0 Build 625 09/12/2018 SJ Lite Edition


---------------------
; Table of Contents ;
---------------------
  1. Legal Notice
  2. Flow Summary
  3. Flow Settings
  4. Flow Non-Default Global Settings
  5. Flow Elapsed Time
  6. Flow OS Summary
  7. Flow Log
  8. Flow Messages
  9. Flow Suppressed Messages



----------------
; Legal Notice ;
----------------
Copyright (C) 2018  Intel Corporation. All rights reserved.
Your use of Intel Corporation's design tools, logic functions 
and other software and tools, and its AMPP partner logic 
functions, and any output files from any of the foregoing 
(including device programming or simulation files), and any 
associated documentation or information are expressly subject 
to the terms and conditions of the Intel Program License 
Subscription Agreement, the Intel Quartus Prime License Agreement,
the Intel FPGA IP License Agreement, or other applicable license
agreement, including, without limitation, that your use is for
the sole purpose of programming logic devices manufactured by
Intel and sold by Intel or its authorized distributors.  Please
refer to the applicable agreement for further details.



+----------------------------------------------------------------------------------+
; Flow Summary                                                                     ;
+------------------------------------+---------------------------------------------+
; Flow Status                        ; Successful - Mon Nov 19 23:13:07 2018       ;
; Quartus Prime Version              ; 18.1.0 Build 625 09/12/2018 SJ Lite Edition ;
; Revision Name                      ; main                                        ;
; Top-level Entity Name              ; main                                        ;
; Family                             ; Cyclone IV E                                ;
; Device                             ; EP4CE22F17C6                                ;
; Timing Models                      ; Final                                       ;
; Total logic elements               ; 786 / 22,320 ( 4 % )                        ;
;     Total combinational functions  ; 777 / 22,320 ( 3 % )                        ;
;     Dedicated logic registers      ; 101 / 22,320 ( < 1 % )                      ;
; Total registers                    ; 101                                         ;
; Total pins                         ; 8 / 154 ( 5 % )                             ;
; Total virtual pins                 ; 0                                           ;
; Total memory bits                  ; 0 / 608,256 ( 0 % )                         ;
; Embedded Multiplier 9-bit elements ; 0 / 132 ( 0 % )                             ;
; Total PLLs                         ; 2 / 4 ( 50 % )                              ;
+------------------------------------+---------------------------------------------+


+-----------------------------------------+
; Flow Settings                           ;
+-------------------+---------------------+
; Option            ; Setting             ;
+-------------------+---------------------+
; Start date & time ; 11/19/2018 22:56:00 ;
; Main task         ; Compilation         ;
; Revision Name     ; main                ;
+-------------------+---------------------+


+-------------------------------------------------------------------------------------------------------------------------+
; Flow Non-Default Global Settings                                                                                        ;
+-------------------------------------+----------------------------------------+---------------+-------------+------------+
; Assignment Name                     ; Value                                  ; Default Value ; Entity Name ; Section Id ;
+-------------------------------------+----------------------------------------+---------------+-------------+------------+
; COMPILER_SIGNATURE_ID               ; 62001001619510.154267895902916         ; --            ; --          ; --         ;
; MAX_CORE_JUNCTION_TEMP              ; 85                                     ; --            ; --          ; --         ;
; MIN_CORE_JUNCTION_TEMP              ; 0                                      ; --            ; --          ; --         ;
; MISC_FILE                           ; PLL.bsf                                ; --            ; --          ; --         ;
; MISC_FILE                           ; PLL_bb.v                               ; --            ; --          ; --         ;
; MISC_FILE                           ; PLL.ppf                                ; --            ; --          ; --         ;
; MISC_FILE                           ; PLL2.bsf                               ; --            ; --          ; --         ;
; MISC_FILE                           ; PLL2_bb.v                              ; --            ; --          ; --         ;
; MISC_FILE                           ; PLL2.ppf                               ; --            ; --          ; --         ;
; NOMINAL_CORE_SUPPLY_VOLTAGE         ; 1.2V                                   ; --            ; --          ; --         ;
; PARTITION_COLOR                     ; -- (Not supported for targeted family) ; --            ; --          ; Top        ;
; PARTITION_FITTER_PRESERVATION_LEVEL ; -- (Not supported for targeted family) ; --            ; --          ; Top        ;
; PARTITION_NETLIST_TYPE              ; -- (Not supported for targeted family) ; --            ; --          ; Top        ;
; POWER_BOARD_THERMAL_MODEL           ; None (CONSERVATIVE)                    ; --            ; --          ; --         ;
; POWER_PRESET_COOLING_SOLUTION       ; 23 MM HEAT SINK WITH 200 LFPM AIRFLOW  ; --            ; --          ; --         ;
; PROJECT_OUTPUT_DIRECTORY            ; output_files                           ; --            ; --          ; --         ;
+-------------------------------------+----------------------------------------+---------------+-------------+------------+


+--------------------------------------------------------------------------------------------------------------------------+
; Flow Elapsed Time                                                                                                        ;
+----------------------+--------------+-------------------------+---------------------+------------------------------------+
; Module Name          ; Elapsed Time ; Average Processors Used ; Peak Virtual Memory ; Total CPU Time (on all processors) ;
+----------------------+--------------+-------------------------+---------------------+------------------------------------+
; Analysis & Synthesis ; 00:00:21     ; 1.0                     ; 4786 MB             ; 00:00:43                           ;
; Fitter               ; 00:00:36     ; 1.0                     ; 5324 MB             ; 00:00:21                           ;
; Assembler            ; 00:00:03     ; 1.0                     ; 4696 MB             ; 00:00:02                           ;
; Timing Analyzer      ; 00:00:06     ; 1.0                     ; 4786 MB             ; 00:00:04                           ;
; EDA Netlist Writer   ; 00:00:03     ; 1.0                     ; 4645 MB             ; 00:00:01                           ;
; EDA Netlist Writer   ; 00:00:04     ; 1.0                     ; 4671 MB             ; 00:00:02                           ;
; EDA Netlist Writer   ; 00:00:02     ; 1.0                     ; 4648 MB             ; 00:00:01                           ;
; EDA Netlist Writer   ; 00:00:01     ; 1.0                     ; 4658 MB             ; 00:00:02                           ;
; Total                ; 00:01:16     ; --                      ; --                  ; 00:01:16                           ;
+----------------------+--------------+-------------------------+---------------------+------------------------------------+


+------------------------------------------------------------------------------------+
; Flow OS Summary                                                                    ;
+----------------------+------------------+------------+------------+----------------+
; Module Name          ; Machine Hostname ; OS Name    ; OS Version ; Processor type ;
+----------------------+------------------+------------+------------+----------------+
; Analysis & Synthesis ; Ezequiel         ; Windows 10 ; 10.0       ; x86_64         ;
; Fitter               ; Ezequiel         ; Windows 10 ; 10.0       ; x86_64         ;
; Assembler            ; Ezequiel         ; Windows 10 ; 10.0       ; x86_64         ;
; Timing Analyzer      ; Ezequiel         ; Windows 10 ; 10.0       ; x86_64         ;
; EDA Netlist Writer   ; Ezequiel         ; Windows 10 ; 10.0       ; x86_64         ;
; EDA Netlist Writer   ; Ezequiel         ; Windows 10 ; 10.0       ; x86_64         ;
; EDA Netlist Writer   ; Ezequiel         ; Windows 10 ; 10.0       ; x86_64         ;
; EDA Netlist Writer   ; Ezequiel         ; Windows 10 ; 10.0       ; x86_64         ;
+----------------------+------------------+------------+------------+----------------+


------------
; Flow Log ;
------------
quartus_map --read_settings_files=on --write_settings_files=off TpFinal -c main
quartus_fit --read_settings_files=off --write_settings_files=off TpFinal -c main
quartus_asm --read_settings_files=off --write_settings_files=off TpFinal -c main
quartus_sta TpFinal -c main
quartus_eda --gen_testbench --tool=modelsim_oem --format=verilog --write_settings_files=off TpFinal -c main --vector_source="C:/Users/Ezequiel PC/Documents/ITBA/Tercer año/Electronica III/tpf-team-5/Quartus/Waveform.vwf" --testbench_file="C:/Users/Ezequiel PC/Documents/ITBA/Tercer año/Electronica III/tpf-team-5/Quartus/simulation/qsim/Waveform.vwf.vt"
quartus_eda --write_settings_files=off --simulation=on --functional=off --flatten_buses=off --timescale=1ps --tool=modelsim_oem --format=verilog --output_directory="C:/Users/Ezequiel PC/Documents/ITBA/Tercer año/Electronica III/tpf-team-5/Quartus/simulation/qsim/" TpFinal -c main
quartus_eda --gen_testbench --tool=modelsim_oem --format=verilog --write_settings_files=off TpFinal -c main --vector_source="C:/Users/Ezequiel PC/Documents/ITBA/Tercer año/Electronica III/tpf-team-5/Quartus/Waveform.vwf" --testbench_file="C:/Users/Ezequiel PC/Documents/ITBA/Tercer año/Electronica III/tpf-team-5/Quartus/simulation/qsim/Waveform.vwf.vt"
quartus_eda --write_settings_files=off --simulation=on --functional=on --flatten_buses=off --tool=modelsim_oem --format=verilog --output_directory="C:/Users/Ezequiel PC/Documents/ITBA/Tercer año/Electronica III/tpf-team-5/Quartus/simulation/qsim/" TpFinal -c main



