#! /usr/bin/vvp
:ivl_version "0.9.7 " "(v0_9_7)";
:vpi_time_precision + 0;
:vpi_module "system";
:vpi_module "v2005_math";
:vpi_module "va_math";
S_0xd8e760 .scope module, "PseudoPll" "PseudoPll" 2 3;
 .timescale 0 0;
v0xd8e850_0 .net "clk_in", 0 0, C4<z>; 0 drivers
v0xdd0cf0_0 .var "clk_out", 0 0;
v0xdd0d90_0 .var "counter", 7 0;
E_0xd8e690 .event posedge, v0xd8e850_0;
    .scope S_0xd8e760;
T_0 ;
    %set/v v0xdd0d90_0, 0, 8;
    %set/v v0xdd0cf0_0, 0, 1;
    %end;
    .thread T_0;
    .scope S_0xd8e760;
T_1 ;
    %wait E_0xd8e690;
    %load/v 8, v0xdd0d90_0, 8;
    %mov 16, 0, 1;
   %cmpi/u 8, 25, 9;
    %jmp/0xz  T_1.0, 5;
    %load/v 8, v0xdd0d90_0, 8;
    %mov 16, 0, 24;
    %addi 8, 1, 32;
    %ix/load 0, 8, 0;
    %assign/v0 v0xdd0d90_0, 0, 8;
    %jmp T_1.1;
T_1.0 ;
    %ix/load 0, 8, 0;
    %assign/v0 v0xdd0d90_0, 0, 0;
    %load/v 8, v0xdd0cf0_0, 1;
    %inv 8, 1;
    %ix/load 0, 1, 0;
    %assign/v0 v0xdd0cf0_0, 0, 8;
T_1.1 ;
    %jmp T_1;
    .thread T_1;
# The file index is used to find the file name in the following table.
:file_names 3;
    "N/A";
    "<interactive>";
    "PseudoPll.v";
