#! /usr/bin/vvp
:ivl_version "0.9.7 " "(v0_9_7)";
:vpi_time_precision + 0;
:vpi_module "system";
:vpi_module "v2005_math";
:vpi_module "va_math";
S_0x19e6690 .scope module, "ImageDrawer_tb" "ImageDrawer_tb" 2 4;
 .timescale 0 0;
v0x1a724a0_0 .net "b", 0 0, v0x1a1bf60_0; 1 drivers
v0x1a726f0_0 .var "column", 15 0;
v0x1a72770_0 .var "enable", 0 0;
v0x1a72820_0 .var "fila", 0 639;
v0x1a728d0_0 .net "g", 0 0, v0x1a71ab0_0; 1 drivers
v0x1a72980_0 .var "hours", 3 0;
v0x1a72a00_0 .var "milliseconds", 9 0;
v0x1a72ab0_0 .var "minutes", 5 0;
v0x1a72b60_0 .net "r", 0 0, v0x1a72230_0; 1 drivers
v0x1a72c10_0 .var "row", 15 0;
v0x1a72cc0_0 .var "seconds", 5 0;
S_0x19e6780 .scope module, "inst" "ImageDrawer" 2 19, 3 3, S_0x19e6690;
 .timescale 0 0;
P_0x1a51978 .param/l "DIGIT_HEIGHT" 3 21, +C4<01010000>;
P_0x1a519a0 .param/l "DIGIT_WIDTH" 3 20, +C4<0101000>;
P_0x1a519c8 .param/l "DRAWING_0" 3 26, +C4<0>;
P_0x1a519f0 .param/l "DRAWING_1" 3 27, +C4<01>;
P_0x1a51a18 .param/l "DRAWING_2" 3 28, +C4<010>;
P_0x1a51a40 .param/l "DRAWING_3" 3 29, +C4<011>;
P_0x1a51a68 .param/l "DRAWING_4" 3 30, +C4<0100>;
P_0x1a51a90 .param/l "DRAWING_5" 3 31, +C4<0101>;
P_0x1a51ab8 .param/l "DRAWING_6" 3 32, +C4<0110>;
P_0x1a51ae0 .param/l "DRAWING_7" 3 33, +C4<0111>;
P_0x1a51b08 .param/l "DRAWING_8" 3 34, +C4<01000>;
P_0x1a51b30 .param/l "DRAWING_9" 3 35, +C4<01001>;
P_0x1a51b58 .param/l "DRAWING_BLANK" 3 37, +C4<01011>;
P_0x1a51b80 .param/l "DRAWING_DOTS" 3 36, +C4<01010>;
P_0x1a51ba8 .param/l "IMAGE_HEIGHT" 3 24, +C4<01010000>;
P_0x1a51bd0 .param/l "IMAGE_WIDTH" 3 23, +C4<0110000110>;
P_0x1a51bf8 .param/l "MARGIN_SPACE" 3 22, +C4<01111101>;
P_0x1a51c20 .param/l "NUMBER_OF_DIGITS" 3 17, +C4<01000>;
P_0x1a51c48 .param/l "OFF" 3 19, +C4<0>;
P_0x1a51c70 .param/l "ON" 3 18, +C4<01>;
P_0x1a51c98 .param/l "SCREEN_HEIGHT" 3 16, +C4<0111100000>;
P_0x1a51cc0 .param/l "SCREEN_WIDTH" 3 15, +C4<01010000000>;
v0x1a1bf60_0 .var "b", 0 0;
v0x1a71820_0 .net "column", 15 0, v0x1a726f0_0; 1 drivers
v0x1a718c0_0 .var "counter_col", 15 0;
v0x1a71960_0 .var "counter_row", 15 0;
v0x1a71a10_0 .net "enable", 0 0, v0x1a72770_0; 1 drivers
v0x1a71ab0_0 .var "g", 0 0;
v0x1a71b90_0 .net "hours", 3 0, v0x1a72980_0; 1 drivers
v0x1a71c30_0 .net "milliseconds", 9 0, v0x1a72a00_0; 1 drivers
v0x1a71d20_0 .var "milliseconds_H", 3 0;
v0x1a71dc0_0 .var "milliseconds_L", 3 0;
v0x1a71ec0_0 .var "milliseconds_M", 3 0;
v0x1a71f60_0 .net "minutes", 5 0, v0x1a72ab0_0; 1 drivers
v0x1a72070_0 .var "minutes_H", 3 0;
v0x1a72110_0 .var "minutes_L", 3 0;
v0x1a72230_0 .var "r", 0 0;
v0x1a722d0_0 .net "row", 15 0, v0x1a72c10_0; 1 drivers
v0x1a72190_0 .net "seconds", 5 0, v0x1a72cc0_0; 1 drivers
v0x1a72420_0 .var "seconds_H", 3 0;
v0x1a72540_0 .var "seconds_L", 3 0;
v0x1a725c0_0 .var "state", 3 0;
E_0x1a50dc0 .event edge, v0x1a71c30_0;
E_0x1a1f680 .event edge, v0x1a72190_0;
E_0x1a230a0 .event edge, v0x1a71f60_0;
E_0x1a263c0 .event edge, v0x1a71820_0, v0x1a722d0_0;
S_0x1a52470 .scope task, "Draw0" "Draw0" 3 62, 3 62, S_0x19e6780;
 .timescale 0 0;
TD_ImageDrawer_tb.inst.Draw0 ;
    %load/v 8, v0x1a71960_0, 16;
    %mov 24, 0, 1;
   %cmpi/u 8, 8, 17;
    %or 5, 4, 1;
    %jmp/0xz  T_0.0, 5;
    %movi 8, 1, 2;
    %ix/load 0, 1, 0;
    %assign/v0 v0x1a71ab0_0, 0, 8;
    %jmp T_0.1;
T_0.0 ;
    %movi 8, 72, 17;
    %load/v 25, v0x1a71960_0, 16;
    %mov 41, 0, 1;
    %cmp/u 8, 25, 17;
    %or 5, 4, 1;
    %jmp/0xz  T_0.2, 5;
    %movi 8, 1, 2;
    %ix/load 0, 1, 0;
    %assign/v0 v0x1a71ab0_0, 0, 8;
    %jmp T_0.3;
T_0.2 ;
    %load/v 8, v0x1a718c0_0, 16;
    %mov 24, 0, 1;
   %cmpi/u 8, 8, 17;
    %or 5, 4, 1;
    %jmp/0xz  T_0.4, 5;
    %movi 8, 1, 2;
    %ix/load 0, 1, 0;
    %assign/v0 v0x1a71ab0_0, 0, 8;
    %jmp T_0.5;
T_0.4 ;
    %movi 8, 31, 17;
    %load/v 25, v0x1a718c0_0, 16;
    %mov 41, 0, 1;
    %cmp/u 8, 25, 17;
    %or 5, 4, 1;
    %jmp/0xz  T_0.6, 5;
    %movi 8, 1, 2;
    %ix/load 0, 1, 0;
    %assign/v0 v0x1a71ab0_0, 0, 8;
    %jmp T_0.7;
T_0.6 ;
    %ix/load 0, 1, 0;
    %assign/v0 v0x1a71ab0_0, 0, 0;
T_0.7 ;
T_0.5 ;
T_0.3 ;
T_0.1 ;
    %load/v 8, v0x1a718c0_0, 16;
    %mov 24, 0, 1;
   %cmpi/u 8, 39, 17;
    %jmp/0xz  T_0.8, 5;
    %load/v 8, v0x1a718c0_0, 16;
    %mov 24, 0, 16;
    %addi 8, 1, 32;
    %ix/load 0, 16, 0;
    %assign/v0 v0x1a718c0_0, 0, 8;
    %jmp T_0.9;
T_0.8 ;
    %ix/load 0, 1, 0;
    %assign/v0 v0x1a71ab0_0, 0, 0;
T_0.9 ;
    %end;
S_0x1a52380 .scope task, "Draw1" "Draw1" 3 96, 3 96, S_0x19e6780;
 .timescale 0 0;
TD_ImageDrawer_tb.inst.Draw1 ;
    %movi 8, 31, 17;
    %load/v 25, v0x1a718c0_0, 16;
    %mov 41, 0, 1;
    %cmp/u 8, 25, 17;
    %or 5, 4, 1;
    %jmp/0xz  T_1.10, 5;
    %movi 8, 1, 2;
    %ix/load 0, 1, 0;
    %assign/v0 v0x1a71ab0_0, 0, 8;
    %jmp T_1.11;
T_1.10 ;
    %ix/load 0, 1, 0;
    %assign/v0 v0x1a71ab0_0, 0, 0;
T_1.11 ;
    %load/v 8, v0x1a718c0_0, 16;
    %mov 24, 0, 1;
   %cmpi/u 8, 39, 17;
    %jmp/0xz  T_1.12, 5;
    %load/v 8, v0x1a718c0_0, 16;
    %mov 24, 0, 16;
    %addi 8, 1, 32;
    %ix/load 0, 16, 0;
    %assign/v0 v0x1a718c0_0, 0, 8;
    %jmp T_1.13;
T_1.12 ;
    %ix/load 0, 1, 0;
    %assign/v0 v0x1a71ab0_0, 0, 0;
T_1.13 ;
    %end;
S_0x1a52290 .scope task, "Draw2" "Draw2" 3 119, 3 119, S_0x19e6780;
 .timescale 0 0;
TD_ImageDrawer_tb.inst.Draw2 ;
    %load/v 8, v0x1a71960_0, 16;
    %mov 24, 0, 1;
   %cmpi/u 8, 8, 17;
    %or 5, 4, 1;
    %jmp/0xz  T_2.14, 5;
    %movi 8, 1, 2;
    %ix/load 0, 1, 0;
    %assign/v0 v0x1a71ab0_0, 0, 8;
    %jmp T_2.15;
T_2.14 ;
    %movi 8, 36, 17;
    %load/v 25, v0x1a71960_0, 16;
    %mov 41, 0, 1;
    %cmp/u 8, 25, 17;
    %or 5, 4, 1;
    %mov 8, 5, 1;
    %load/v 9, v0x1a71960_0, 16;
    %mov 25, 0, 1;
   %cmpi/u 9, 44, 17;
    %mov 9, 5, 1;
    %and 8, 9, 1;
    %jmp/0xz  T_2.16, 8;
    %movi 8, 1, 2;
    %ix/load 0, 1, 0;
    %assign/v0 v0x1a71ab0_0, 0, 8;
    %jmp T_2.17;
T_2.16 ;
    %movi 8, 72, 17;
    %load/v 25, v0x1a71960_0, 16;
    %mov 41, 0, 1;
    %cmp/u 8, 25, 17;
    %or 5, 4, 1;
    %jmp/0xz  T_2.18, 5;
    %movi 8, 1, 2;
    %ix/load 0, 1, 0;
    %assign/v0 v0x1a71ab0_0, 0, 8;
    %jmp T_2.19;
T_2.18 ;
    %load/v 8, v0x1a718c0_0, 16;
    %mov 24, 0, 1;
   %cmpi/u 8, 8, 17;
    %or 5, 4, 1;
    %mov 8, 5, 1;
    %movi 9, 40, 17;
    %load/v 26, v0x1a71960_0, 16;
    %mov 42, 0, 1;
    %cmp/u 9, 26, 17;
    %or 5, 4, 1;
    %mov 9, 5, 1;
    %and 8, 9, 1;
    %jmp/0xz  T_2.20, 8;
    %movi 8, 1, 2;
    %ix/load 0, 1, 0;
    %assign/v0 v0x1a71ab0_0, 0, 8;
    %jmp T_2.21;
T_2.20 ;
    %movi 8, 31, 17;
    %load/v 25, v0x1a718c0_0, 16;
    %mov 41, 0, 1;
    %cmp/u 8, 25, 17;
    %or 5, 4, 1;
    %mov 8, 5, 1;
    %load/v 9, v0x1a71960_0, 16;
    %mov 25, 0, 1;
   %cmpi/u 9, 40, 17;
    %or 5, 4, 1;
    %mov 9, 5, 1;
    %and 8, 9, 1;
    %jmp/0xz  T_2.22, 8;
    %movi 8, 1, 2;
    %ix/load 0, 1, 0;
    %assign/v0 v0x1a71ab0_0, 0, 8;
    %jmp T_2.23;
T_2.22 ;
    %ix/load 0, 1, 0;
    %assign/v0 v0x1a71ab0_0, 0, 0;
T_2.23 ;
T_2.21 ;
T_2.19 ;
T_2.17 ;
T_2.15 ;
    %load/v 8, v0x1a718c0_0, 16;
    %mov 24, 0, 1;
   %cmpi/u 8, 39, 17;
    %jmp/0xz  T_2.24, 5;
    %load/v 8, v0x1a718c0_0, 16;
    %mov 24, 0, 16;
    %addi 8, 1, 32;
    %ix/load 0, 16, 0;
    %assign/v0 v0x1a718c0_0, 0, 8;
    %jmp T_2.25;
T_2.24 ;
    %ix/load 0, 1, 0;
    %assign/v0 v0x1a71ab0_0, 0, 0;
T_2.25 ;
    %end;
S_0x1a521a0 .scope task, "Draw3" "Draw3" 3 157, 3 157, S_0x19e6780;
 .timescale 0 0;
TD_ImageDrawer_tb.inst.Draw3 ;
    %load/v 8, v0x1a71960_0, 16;
    %mov 24, 0, 1;
   %cmpi/u 8, 8, 17;
    %or 5, 4, 1;
    %jmp/0xz  T_3.26, 5;
    %movi 8, 1, 2;
    %ix/load 0, 1, 0;
    %assign/v0 v0x1a71ab0_0, 0, 8;
    %jmp T_3.27;
T_3.26 ;
    %movi 8, 36, 17;
    %load/v 25, v0x1a71960_0, 16;
    %mov 41, 0, 1;
    %cmp/u 8, 25, 17;
    %or 5, 4, 1;
    %mov 8, 5, 1;
    %load/v 9, v0x1a71960_0, 16;
    %mov 25, 0, 1;
   %cmpi/u 9, 44, 17;
    %mov 9, 5, 1;
    %and 8, 9, 1;
    %jmp/0xz  T_3.28, 8;
    %movi 8, 1, 2;
    %ix/load 0, 1, 0;
    %assign/v0 v0x1a71ab0_0, 0, 8;
    %jmp T_3.29;
T_3.28 ;
    %movi 8, 72, 17;
    %load/v 25, v0x1a71960_0, 16;
    %mov 41, 0, 1;
    %cmp/u 8, 25, 17;
    %or 5, 4, 1;
    %jmp/0xz  T_3.30, 5;
    %movi 8, 1, 2;
    %ix/load 0, 1, 0;
    %assign/v0 v0x1a71ab0_0, 0, 8;
    %jmp T_3.31;
T_3.30 ;
    %movi 8, 31, 17;
    %load/v 25, v0x1a718c0_0, 16;
    %mov 41, 0, 1;
    %cmp/u 8, 25, 17;
    %or 5, 4, 1;
    %jmp/0xz  T_3.32, 5;
    %movi 8, 1, 2;
    %ix/load 0, 1, 0;
    %assign/v0 v0x1a71ab0_0, 0, 8;
    %jmp T_3.33;
T_3.32 ;
    %ix/load 0, 1, 0;
    %assign/v0 v0x1a71ab0_0, 0, 0;
T_3.33 ;
T_3.31 ;
T_3.29 ;
T_3.27 ;
    %load/v 8, v0x1a718c0_0, 16;
    %mov 24, 0, 1;
   %cmpi/u 8, 39, 17;
    %jmp/0xz  T_3.34, 5;
    %load/v 8, v0x1a718c0_0, 16;
    %mov 24, 0, 16;
    %addi 8, 1, 32;
    %ix/load 0, 16, 0;
    %assign/v0 v0x1a718c0_0, 0, 8;
    %jmp T_3.35;
T_3.34 ;
    %ix/load 0, 1, 0;
    %assign/v0 v0x1a71ab0_0, 0, 0;
T_3.35 ;
    %end;
S_0x1a520b0 .scope task, "Draw4" "Draw4" 3 191, 3 191, S_0x19e6780;
 .timescale 0 0;
TD_ImageDrawer_tb.inst.Draw4 ;
    %movi 8, 36, 17;
    %load/v 25, v0x1a71960_0, 16;
    %mov 41, 0, 1;
    %cmp/u 8, 25, 17;
    %or 5, 4, 1;
    %mov 8, 5, 1;
    %load/v 9, v0x1a71960_0, 16;
    %mov 25, 0, 1;
   %cmpi/u 9, 44, 17;
    %mov 9, 5, 1;
    %and 8, 9, 1;
    %jmp/0xz  T_4.36, 8;
    %movi 8, 1, 2;
    %ix/load 0, 1, 0;
    %assign/v0 v0x1a71ab0_0, 0, 8;
    %jmp T_4.37;
T_4.36 ;
    %load/v 8, v0x1a718c0_0, 16;
    %mov 24, 0, 1;
   %cmpi/u 8, 8, 17;
    %or 5, 4, 1;
    %mov 8, 5, 1;
    %load/v 9, v0x1a71960_0, 16;
    %mov 25, 0, 1;
   %cmpi/u 9, 40, 17;
    %or 5, 4, 1;
    %mov 9, 5, 1;
    %and 8, 9, 1;
    %jmp/0xz  T_4.38, 8;
    %movi 8, 1, 2;
    %ix/load 0, 1, 0;
    %assign/v0 v0x1a71ab0_0, 0, 8;
    %jmp T_4.39;
T_4.38 ;
    %movi 8, 31, 17;
    %load/v 25, v0x1a718c0_0, 16;
    %mov 41, 0, 1;
    %cmp/u 8, 25, 17;
    %or 5, 4, 1;
    %jmp/0xz  T_4.40, 5;
    %movi 8, 1, 2;
    %ix/load 0, 1, 0;
    %assign/v0 v0x1a71ab0_0, 0, 8;
    %jmp T_4.41;
T_4.40 ;
    %ix/load 0, 1, 0;
    %assign/v0 v0x1a71ab0_0, 0, 0;
T_4.41 ;
T_4.39 ;
T_4.37 ;
    %load/v 8, v0x1a718c0_0, 16;
    %mov 24, 0, 1;
   %cmpi/u 8, 39, 17;
    %jmp/0xz  T_4.42, 5;
    %load/v 8, v0x1a718c0_0, 16;
    %mov 24, 0, 16;
    %addi 8, 1, 32;
    %ix/load 0, 16, 0;
    %assign/v0 v0x1a718c0_0, 0, 8;
    %jmp T_4.43;
T_4.42 ;
    %ix/load 0, 1, 0;
    %assign/v0 v0x1a71ab0_0, 0, 0;
T_4.43 ;
    %end;
S_0x1a51fc0 .scope task, "Draw5" "Draw5" 3 221, 3 221, S_0x19e6780;
 .timescale 0 0;
TD_ImageDrawer_tb.inst.Draw5 ;
    %load/v 8, v0x1a71960_0, 16;
    %mov 24, 0, 1;
   %cmpi/u 8, 8, 17;
    %or 5, 4, 1;
    %jmp/0xz  T_5.44, 5;
    %movi 8, 1, 2;
    %ix/load 0, 1, 0;
    %assign/v0 v0x1a71ab0_0, 0, 8;
    %jmp T_5.45;
T_5.44 ;
    %movi 8, 36, 17;
    %load/v 25, v0x1a71960_0, 16;
    %mov 41, 0, 1;
    %cmp/u 8, 25, 17;
    %or 5, 4, 1;
    %mov 8, 5, 1;
    %load/v 9, v0x1a71960_0, 16;
    %mov 25, 0, 1;
   %cmpi/u 9, 44, 17;
    %mov 9, 5, 1;
    %and 8, 9, 1;
    %jmp/0xz  T_5.46, 8;
    %movi 8, 1, 2;
    %ix/load 0, 1, 0;
    %assign/v0 v0x1a71ab0_0, 0, 8;
    %jmp T_5.47;
T_5.46 ;
    %movi 8, 72, 17;
    %load/v 25, v0x1a71960_0, 16;
    %mov 41, 0, 1;
    %cmp/u 8, 25, 17;
    %or 5, 4, 1;
    %jmp/0xz  T_5.48, 5;
    %movi 8, 1, 2;
    %ix/load 0, 1, 0;
    %assign/v0 v0x1a71ab0_0, 0, 8;
    %jmp T_5.49;
T_5.48 ;
    %load/v 8, v0x1a718c0_0, 16;
    %mov 24, 0, 1;
   %cmpi/u 8, 8, 17;
    %or 5, 4, 1;
    %mov 8, 5, 1;
    %load/v 9, v0x1a71960_0, 16;
    %mov 25, 0, 1;
   %cmpi/u 9, 40, 17;
    %or 5, 4, 1;
    %mov 9, 5, 1;
    %and 8, 9, 1;
    %jmp/0xz  T_5.50, 8;
    %movi 8, 1, 2;
    %ix/load 0, 1, 0;
    %assign/v0 v0x1a71ab0_0, 0, 8;
    %jmp T_5.51;
T_5.50 ;
    %movi 8, 31, 17;
    %load/v 25, v0x1a718c0_0, 16;
    %mov 41, 0, 1;
    %cmp/u 8, 25, 17;
    %or 5, 4, 1;
    %mov 8, 5, 1;
    %movi 9, 40, 17;
    %load/v 26, v0x1a71960_0, 16;
    %mov 42, 0, 1;
    %cmp/u 9, 26, 17;
    %or 5, 4, 1;
    %mov 9, 5, 1;
    %and 8, 9, 1;
    %jmp/0xz  T_5.52, 8;
    %movi 8, 1, 2;
    %ix/load 0, 1, 0;
    %assign/v0 v0x1a71ab0_0, 0, 8;
    %jmp T_5.53;
T_5.52 ;
    %ix/load 0, 1, 0;
    %assign/v0 v0x1a71ab0_0, 0, 0;
T_5.53 ;
T_5.51 ;
T_5.49 ;
T_5.47 ;
T_5.45 ;
    %load/v 8, v0x1a718c0_0, 16;
    %mov 24, 0, 1;
   %cmpi/u 8, 39, 17;
    %jmp/0xz  T_5.54, 5;
    %load/v 8, v0x1a718c0_0, 16;
    %mov 24, 0, 16;
    %addi 8, 1, 32;
    %ix/load 0, 16, 0;
    %assign/v0 v0x1a718c0_0, 0, 8;
    %jmp T_5.55;
T_5.54 ;
    %ix/load 0, 1, 0;
    %assign/v0 v0x1a71ab0_0, 0, 0;
T_5.55 ;
    %end;
S_0x1a51ed0 .scope task, "Draw6" "Draw6" 3 258, 3 258, S_0x19e6780;
 .timescale 0 0;
TD_ImageDrawer_tb.inst.Draw6 ;
    %load/v 8, v0x1a71960_0, 16;
    %mov 24, 0, 1;
   %cmpi/u 8, 8, 17;
    %or 5, 4, 1;
    %jmp/0xz  T_6.56, 5;
    %movi 8, 1, 2;
    %ix/load 0, 1, 0;
    %assign/v0 v0x1a71ab0_0, 0, 8;
    %jmp T_6.57;
T_6.56 ;
    %movi 8, 36, 17;
    %load/v 25, v0x1a71960_0, 16;
    %mov 41, 0, 1;
    %cmp/u 8, 25, 17;
    %or 5, 4, 1;
    %mov 8, 5, 1;
    %load/v 9, v0x1a71960_0, 16;
    %mov 25, 0, 1;
   %cmpi/u 9, 44, 17;
    %mov 9, 5, 1;
    %and 8, 9, 1;
    %jmp/0xz  T_6.58, 8;
    %movi 8, 1, 2;
    %ix/load 0, 1, 0;
    %assign/v0 v0x1a71ab0_0, 0, 8;
    %jmp T_6.59;
T_6.58 ;
    %movi 8, 72, 17;
    %load/v 25, v0x1a71960_0, 16;
    %mov 41, 0, 1;
    %cmp/u 8, 25, 17;
    %or 5, 4, 1;
    %jmp/0xz  T_6.60, 5;
    %movi 8, 1, 2;
    %ix/load 0, 1, 0;
    %assign/v0 v0x1a71ab0_0, 0, 8;
    %jmp T_6.61;
T_6.60 ;
    %load/v 8, v0x1a718c0_0, 16;
    %mov 24, 0, 1;
   %cmpi/u 8, 8, 17;
    %or 5, 4, 1;
    %jmp/0xz  T_6.62, 5;
    %movi 8, 1, 2;
    %ix/load 0, 1, 0;
    %assign/v0 v0x1a71ab0_0, 0, 8;
    %jmp T_6.63;
T_6.62 ;
    %movi 8, 31, 17;
    %load/v 25, v0x1a718c0_0, 16;
    %mov 41, 0, 1;
    %cmp/u 8, 25, 17;
    %or 5, 4, 1;
    %mov 8, 5, 1;
    %movi 9, 40, 17;
    %load/v 26, v0x1a71960_0, 16;
    %mov 42, 0, 1;
    %cmp/u 9, 26, 17;
    %or 5, 4, 1;
    %mov 9, 5, 1;
    %and 8, 9, 1;
    %jmp/0xz  T_6.64, 8;
    %movi 8, 1, 2;
    %ix/load 0, 1, 0;
    %assign/v0 v0x1a71ab0_0, 0, 8;
    %jmp T_6.65;
T_6.64 ;
    %ix/load 0, 1, 0;
    %assign/v0 v0x1a71ab0_0, 0, 0;
T_6.65 ;
T_6.63 ;
T_6.61 ;
T_6.59 ;
T_6.57 ;
    %load/v 8, v0x1a718c0_0, 16;
    %mov 24, 0, 1;
   %cmpi/u 8, 39, 17;
    %jmp/0xz  T_6.66, 5;
    %load/v 8, v0x1a718c0_0, 16;
    %mov 24, 0, 16;
    %addi 8, 1, 32;
    %ix/load 0, 16, 0;
    %assign/v0 v0x1a718c0_0, 0, 8;
    %jmp T_6.67;
T_6.66 ;
    %ix/load 0, 1, 0;
    %assign/v0 v0x1a71ab0_0, 0, 0;
T_6.67 ;
    %end;
S_0x1a51de0 .scope task, "Draw7" "Draw7" 3 295, 3 295, S_0x19e6780;
 .timescale 0 0;
TD_ImageDrawer_tb.inst.Draw7 ;
    %load/v 8, v0x1a71960_0, 16;
    %mov 24, 0, 1;
   %cmpi/u 8, 8, 17;
    %or 5, 4, 1;
    %jmp/0xz  T_7.68, 5;
    %movi 8, 1, 2;
    %ix/load 0, 1, 0;
    %assign/v0 v0x1a71ab0_0, 0, 8;
    %jmp T_7.69;
T_7.68 ;
    %movi 8, 31, 17;
    %load/v 25, v0x1a718c0_0, 16;
    %mov 41, 0, 1;
    %cmp/u 8, 25, 17;
    %or 5, 4, 1;
    %jmp/0xz  T_7.70, 5;
    %movi 8, 1, 2;
    %ix/load 0, 1, 0;
    %assign/v0 v0x1a71ab0_0, 0, 8;
    %jmp T_7.71;
T_7.70 ;
    %ix/load 0, 1, 0;
    %assign/v0 v0x1a71ab0_0, 0, 0;
T_7.71 ;
T_7.69 ;
    %load/v 8, v0x1a718c0_0, 16;
    %mov 24, 0, 1;
   %cmpi/u 8, 39, 17;
    %jmp/0xz  T_7.72, 5;
    %load/v 8, v0x1a718c0_0, 16;
    %mov 24, 0, 16;
    %addi 8, 1, 32;
    %ix/load 0, 16, 0;
    %assign/v0 v0x1a718c0_0, 0, 8;
    %jmp T_7.73;
T_7.72 ;
    %ix/load 0, 1, 0;
    %assign/v0 v0x1a71ab0_0, 0, 0;
T_7.73 ;
    %end;
S_0x1a51cf0 .scope task, "Draw8" "Draw8" 3 321, 3 321, S_0x19e6780;
 .timescale 0 0;
TD_ImageDrawer_tb.inst.Draw8 ;
    %load/v 8, v0x1a71960_0, 16;
    %mov 24, 0, 1;
   %cmpi/u 8, 8, 17;
    %or 5, 4, 1;
    %jmp/0xz  T_8.74, 5;
    %movi 8, 1, 2;
    %ix/load 0, 1, 0;
    %assign/v0 v0x1a71ab0_0, 0, 8;
    %jmp T_8.75;
T_8.74 ;
    %movi 8, 36, 17;
    %load/v 25, v0x1a71960_0, 16;
    %mov 41, 0, 1;
    %cmp/u 8, 25, 17;
    %or 5, 4, 1;
    %mov 8, 5, 1;
    %load/v 9, v0x1a71960_0, 16;
    %mov 25, 0, 1;
   %cmpi/u 9, 44, 17;
    %mov 9, 5, 1;
    %and 8, 9, 1;
    %jmp/0xz  T_8.76, 8;
    %movi 8, 1, 2;
    %ix/load 0, 1, 0;
    %assign/v0 v0x1a71ab0_0, 0, 8;
    %jmp T_8.77;
T_8.76 ;
    %movi 8, 72, 17;
    %load/v 25, v0x1a71960_0, 16;
    %mov 41, 0, 1;
    %cmp/u 8, 25, 17;
    %or 5, 4, 1;
    %jmp/0xz  T_8.78, 5;
    %movi 8, 1, 2;
    %ix/load 0, 1, 0;
    %assign/v0 v0x1a71ab0_0, 0, 8;
    %jmp T_8.79;
T_8.78 ;
    %load/v 8, v0x1a718c0_0, 16;
    %mov 24, 0, 1;
   %cmpi/u 8, 8, 17;
    %or 5, 4, 1;
    %jmp/0xz  T_8.80, 5;
    %movi 8, 1, 2;
    %ix/load 0, 1, 0;
    %assign/v0 v0x1a71ab0_0, 0, 8;
    %jmp T_8.81;
T_8.80 ;
    %movi 8, 31, 17;
    %load/v 25, v0x1a718c0_0, 16;
    %mov 41, 0, 1;
    %cmp/u 8, 25, 17;
    %or 5, 4, 1;
    %jmp/0xz  T_8.82, 5;
    %movi 8, 1, 2;
    %ix/load 0, 1, 0;
    %assign/v0 v0x1a71ab0_0, 0, 8;
    %jmp T_8.83;
T_8.82 ;
    %ix/load 0, 1, 0;
    %assign/v0 v0x1a71ab0_0, 0, 0;
T_8.83 ;
T_8.81 ;
T_8.79 ;
T_8.77 ;
T_8.75 ;
    %load/v 8, v0x1a718c0_0, 16;
    %mov 24, 0, 1;
   %cmpi/u 8, 39, 17;
    %jmp/0xz  T_8.84, 5;
    %load/v 8, v0x1a718c0_0, 16;
    %mov 24, 0, 16;
    %addi 8, 1, 32;
    %ix/load 0, 16, 0;
    %assign/v0 v0x1a718c0_0, 0, 8;
    %jmp T_8.85;
T_8.84 ;
    %ix/load 0, 1, 0;
    %assign/v0 v0x1a71ab0_0, 0, 0;
T_8.85 ;
    %end;
S_0x1a47430 .scope task, "Draw9" "Draw9" 3 358, 3 358, S_0x19e6780;
 .timescale 0 0;
TD_ImageDrawer_tb.inst.Draw9 ;
    %load/v 8, v0x1a71960_0, 16;
    %mov 24, 0, 1;
   %cmpi/u 8, 8, 17;
    %or 5, 4, 1;
    %jmp/0xz  T_9.86, 5;
    %movi 8, 1, 2;
    %ix/load 0, 1, 0;
    %assign/v0 v0x1a71ab0_0, 0, 8;
    %jmp T_9.87;
T_9.86 ;
    %movi 8, 36, 17;
    %load/v 25, v0x1a71960_0, 16;
    %mov 41, 0, 1;
    %cmp/u 8, 25, 17;
    %or 5, 4, 1;
    %mov 8, 5, 1;
    %load/v 9, v0x1a71960_0, 16;
    %mov 25, 0, 1;
   %cmpi/u 9, 44, 17;
    %mov 9, 5, 1;
    %and 8, 9, 1;
    %jmp/0xz  T_9.88, 8;
    %movi 8, 1, 2;
    %ix/load 0, 1, 0;
    %assign/v0 v0x1a71ab0_0, 0, 8;
    %jmp T_9.89;
T_9.88 ;
    %load/v 8, v0x1a718c0_0, 16;
    %mov 24, 0, 1;
   %cmpi/u 8, 8, 17;
    %or 5, 4, 1;
    %mov 8, 5, 1;
    %load/v 9, v0x1a71960_0, 16;
    %mov 25, 0, 1;
   %cmpi/u 9, 40, 17;
    %or 5, 4, 1;
    %mov 9, 5, 1;
    %and 8, 9, 1;
    %jmp/0xz  T_9.90, 8;
    %movi 8, 1, 2;
    %ix/load 0, 1, 0;
    %assign/v0 v0x1a71ab0_0, 0, 8;
    %jmp T_9.91;
T_9.90 ;
    %movi 8, 31, 17;
    %load/v 25, v0x1a718c0_0, 16;
    %mov 41, 0, 1;
    %cmp/u 8, 25, 17;
    %or 5, 4, 1;
    %jmp/0xz  T_9.92, 5;
    %movi 8, 1, 2;
    %ix/load 0, 1, 0;
    %assign/v0 v0x1a71ab0_0, 0, 8;
    %jmp T_9.93;
T_9.92 ;
    %ix/load 0, 1, 0;
    %assign/v0 v0x1a71ab0_0, 0, 0;
T_9.93 ;
T_9.91 ;
T_9.89 ;
T_9.87 ;
    %load/v 8, v0x1a718c0_0, 16;
    %mov 24, 0, 1;
   %cmpi/u 8, 39, 17;
    %jmp/0xz  T_9.94, 5;
    %load/v 8, v0x1a718c0_0, 16;
    %mov 24, 0, 16;
    %addi 8, 1, 32;
    %ix/load 0, 16, 0;
    %assign/v0 v0x1a718c0_0, 0, 8;
    %jmp T_9.95;
T_9.94 ;
    %ix/load 0, 1, 0;
    %assign/v0 v0x1a71ab0_0, 0, 0;
T_9.95 ;
    %end;
S_0x1a47340 .scope task, "DrawDots" "DrawDots" 3 391, 3 391, S_0x19e6780;
 .timescale 0 0;
TD_ImageDrawer_tb.inst.DrawDots ;
    %load/v 8, v0x1a71960_0, 16;
    %mov 24, 0, 1;
   %cmpi/u 8, 20, 17;
    %mov 8, 5, 1;
    %movi 9, 4, 17;
    %load/v 26, v0x1a718c0_0, 16;
    %mov 42, 0, 1;
    %cmp/u 9, 26, 17;
    %or 5, 4, 1;
    %mov 9, 5, 1;
    %load/v 10, v0x1a718c0_0, 16;
    %mov 26, 0, 1;
   %cmpi/u 10, 14, 17;
    %mov 10, 5, 1;
    %and 9, 10, 1;
    %and 8, 9, 1;
    %jmp/0xz  T_10.96, 8;
    %movi 8, 1, 2;
    %ix/load 0, 1, 0;
    %assign/v0 v0x1a71ab0_0, 0, 8;
    %jmp T_10.97;
T_10.96 ;
    %movi 8, 60, 17;
    %load/v 25, v0x1a71960_0, 16;
    %mov 41, 0, 1;
    %cmp/u 8, 25, 17;
    %or 5, 4, 1;
    %mov 8, 5, 1;
    %movi 9, 4, 17;
    %load/v 26, v0x1a718c0_0, 16;
    %mov 42, 0, 1;
    %cmp/u 9, 26, 17;
    %or 5, 4, 1;
    %mov 9, 5, 1;
    %load/v 10, v0x1a718c0_0, 16;
    %mov 26, 0, 1;
   %cmpi/u 10, 14, 17;
    %mov 10, 5, 1;
    %and 9, 10, 1;
    %and 8, 9, 1;
    %jmp/0xz  T_10.98, 8;
    %movi 8, 1, 2;
    %ix/load 0, 1, 0;
    %assign/v0 v0x1a71ab0_0, 0, 8;
    %jmp T_10.99;
T_10.98 ;
    %ix/load 0, 1, 0;
    %assign/v0 v0x1a71ab0_0, 0, 0;
T_10.99 ;
T_10.97 ;
    %load/v 8, v0x1a718c0_0, 16;
    %mov 24, 0, 1;
   %cmpi/u 8, 17, 17;
    %jmp/0xz  T_10.100, 5;
    %load/v 8, v0x1a718c0_0, 16;
    %mov 24, 0, 16;
    %addi 8, 1, 32;
    %ix/load 0, 16, 0;
    %assign/v0 v0x1a718c0_0, 0, 8;
    %jmp T_10.101;
T_10.100 ;
    %ix/load 0, 1, 0;
    %assign/v0 v0x1a71ab0_0, 0, 0;
T_10.101 ;
    %end;
    .scope S_0x19e6780;
T_11 ;
    %set/v v0x1a72230_0, 0, 1;
    %set/v v0x1a71ab0_0, 0, 1;
    %set/v v0x1a1bf60_0, 0, 1;
    %end;
    .thread T_11;
    .scope S_0x19e6780;
T_12 ;
    %wait E_0x1a263c0;
    %load/v 8, v0x1a71a10_0, 1;
    %jmp/0xz  T_12.0, 8;
    %movi 8, 200, 17;
    %load/v 25, v0x1a722d0_0, 16;
    %mov 41, 0, 1;
    %cmp/u 8, 25, 17;
    %or 5, 4, 1;
    %mov 8, 5, 1;
    %load/v 9, v0x1a722d0_0, 16;
    %mov 25, 0, 1;
   %cmpi/u 9, 280, 17;
    %mov 9, 5, 1;
    %and 8, 9, 1;
    %movi 9, 125, 17;
    %load/v 26, v0x1a71820_0, 16;
    %mov 42, 0, 1;
    %cmp/u 9, 26, 17;
    %or 5, 4, 1;
    %mov 9, 5, 1;
    %load/v 10, v0x1a71820_0, 16;
    %mov 26, 0, 1;
   %cmpi/u 10, 515, 17;
    %mov 10, 5, 1;
    %and 9, 10, 1;
    %and 8, 9, 1;
    %jmp/0xz  T_12.2, 8;
    %load/v 8, v0x1a71820_0, 16;
    %cmpi/u 8, 125, 16;
    %jmp/1 T_12.4, 6;
    %cmpi/u 8, 165, 16;
    %jmp/1 T_12.5, 6;
    %cmpi/u 8, 183, 16;
    %jmp/1 T_12.6, 6;
    %cmpi/u 8, 227, 16;
    %jmp/1 T_12.7, 6;
    %cmpi/u 8, 267, 16;
    %jmp/1 T_12.8, 6;
    %cmpi/u 8, 285, 16;
    %jmp/1 T_12.9, 6;
    %cmpi/u 8, 329, 16;
    %jmp/1 T_12.10, 6;
    %cmpi/u 8, 369, 16;
    %jmp/1 T_12.11, 6;
    %cmpi/u 8, 387, 16;
    %jmp/1 T_12.12, 6;
    %cmpi/u 8, 431, 16;
    %jmp/1 T_12.13, 6;
    %cmpi/u 8, 475, 16;
    %jmp/1 T_12.14, 6;
    %load/v 8, v0x1a725c0_0, 4;
    %ix/load 0, 4, 0;
    %assign/v0 v0x1a725c0_0, 0, 8;
    %jmp T_12.16;
T_12.4 ;
    %load/v 8, v0x1a722d0_0, 16;
    %mov 24, 0, 16;
    %subi 8, 200, 32;
    %ix/load 0, 16, 0;
    %assign/v0 v0x1a71960_0, 0, 8;
    %ix/load 0, 16, 0;
    %assign/v0 v0x1a718c0_0, 0, 0;
    %load/v 8, v0x1a71b90_0, 4;
    %ix/load 0, 4, 0;
    %assign/v0 v0x1a725c0_0, 0, 8;
    %jmp T_12.16;
T_12.5 ;
    %load/v 8, v0x1a722d0_0, 16;
    %mov 24, 0, 16;
    %subi 8, 200, 32;
    %ix/load 0, 16, 0;
    %assign/v0 v0x1a71960_0, 0, 8;
    %ix/load 0, 16, 0;
    %assign/v0 v0x1a718c0_0, 0, 0;
    %movi 8, 10, 5;
    %ix/load 0, 4, 0;
    %assign/v0 v0x1a725c0_0, 0, 8;
    %jmp T_12.16;
T_12.6 ;
    %load/v 8, v0x1a722d0_0, 16;
    %mov 24, 0, 16;
    %subi 8, 200, 32;
    %ix/load 0, 16, 0;
    %assign/v0 v0x1a71960_0, 0, 8;
    %ix/load 0, 16, 0;
    %assign/v0 v0x1a718c0_0, 0, 0;
    %load/v 8, v0x1a72070_0, 4;
    %ix/load 0, 4, 0;
    %assign/v0 v0x1a725c0_0, 0, 8;
    %jmp T_12.16;
T_12.7 ;
    %load/v 8, v0x1a722d0_0, 16;
    %mov 24, 0, 16;
    %subi 8, 200, 32;
    %ix/load 0, 16, 0;
    %assign/v0 v0x1a71960_0, 0, 8;
    %ix/load 0, 16, 0;
    %assign/v0 v0x1a718c0_0, 0, 0;
    %load/v 8, v0x1a72110_0, 4;
    %ix/load 0, 4, 0;
    %assign/v0 v0x1a725c0_0, 0, 8;
    %jmp T_12.16;
T_12.8 ;
    %load/v 8, v0x1a722d0_0, 16;
    %mov 24, 0, 16;
    %subi 8, 200, 32;
    %ix/load 0, 16, 0;
    %assign/v0 v0x1a71960_0, 0, 8;
    %ix/load 0, 16, 0;
    %assign/v0 v0x1a718c0_0, 0, 0;
    %movi 8, 10, 5;
    %ix/load 0, 4, 0;
    %assign/v0 v0x1a725c0_0, 0, 8;
    %jmp T_12.16;
T_12.9 ;
    %load/v 8, v0x1a722d0_0, 16;
    %mov 24, 0, 16;
    %subi 8, 200, 32;
    %ix/load 0, 16, 0;
    %assign/v0 v0x1a71960_0, 0, 8;
    %ix/load 0, 16, 0;
    %assign/v0 v0x1a718c0_0, 0, 0;
    %load/v 8, v0x1a72420_0, 4;
    %ix/load 0, 4, 0;
    %assign/v0 v0x1a725c0_0, 0, 8;
    %jmp T_12.16;
T_12.10 ;
    %load/v 8, v0x1a722d0_0, 16;
    %mov 24, 0, 16;
    %subi 8, 200, 32;
    %ix/load 0, 16, 0;
    %assign/v0 v0x1a71960_0, 0, 8;
    %ix/load 0, 16, 0;
    %assign/v0 v0x1a718c0_0, 0, 0;
    %load/v 8, v0x1a72540_0, 4;
    %ix/load 0, 4, 0;
    %assign/v0 v0x1a725c0_0, 0, 8;
    %jmp T_12.16;
T_12.11 ;
    %load/v 8, v0x1a722d0_0, 16;
    %mov 24, 0, 16;
    %subi 8, 200, 32;
    %ix/load 0, 16, 0;
    %assign/v0 v0x1a71960_0, 0, 8;
    %ix/load 0, 16, 0;
    %assign/v0 v0x1a718c0_0, 0, 0;
    %movi 8, 10, 5;
    %ix/load 0, 4, 0;
    %assign/v0 v0x1a725c0_0, 0, 8;
    %jmp T_12.16;
T_12.12 ;
    %load/v 8, v0x1a722d0_0, 16;
    %mov 24, 0, 16;
    %subi 8, 200, 32;
    %ix/load 0, 16, 0;
    %assign/v0 v0x1a71960_0, 0, 8;
    %ix/load 0, 16, 0;
    %assign/v0 v0x1a718c0_0, 0, 0;
    %load/v 8, v0x1a71d20_0, 4;
    %ix/load 0, 4, 0;
    %assign/v0 v0x1a725c0_0, 0, 8;
    %jmp T_12.16;
T_12.13 ;
    %load/v 8, v0x1a722d0_0, 16;
    %mov 24, 0, 16;
    %subi 8, 200, 32;
    %ix/load 0, 16, 0;
    %assign/v0 v0x1a71960_0, 0, 8;
    %ix/load 0, 16, 0;
    %assign/v0 v0x1a718c0_0, 0, 0;
    %load/v 8, v0x1a71ec0_0, 4;
    %ix/load 0, 4, 0;
    %assign/v0 v0x1a725c0_0, 0, 8;
    %jmp T_12.16;
T_12.14 ;
    %load/v 8, v0x1a722d0_0, 16;
    %mov 24, 0, 16;
    %subi 8, 200, 32;
    %ix/load 0, 16, 0;
    %assign/v0 v0x1a71960_0, 0, 8;
    %ix/load 0, 16, 0;
    %assign/v0 v0x1a718c0_0, 0, 0;
    %load/v 8, v0x1a71dc0_0, 4;
    %ix/load 0, 4, 0;
    %assign/v0 v0x1a725c0_0, 0, 8;
    %jmp T_12.16;
T_12.16 ;
    %load/v 8, v0x1a725c0_0, 4;
    %cmpi/u 8, 0, 4;
    %jmp/1 T_12.17, 6;
    %cmpi/u 8, 1, 4;
    %jmp/1 T_12.18, 6;
    %cmpi/u 8, 2, 4;
    %jmp/1 T_12.19, 6;
    %cmpi/u 8, 3, 4;
    %jmp/1 T_12.20, 6;
    %cmpi/u 8, 4, 4;
    %jmp/1 T_12.21, 6;
    %cmpi/u 8, 5, 4;
    %jmp/1 T_12.22, 6;
    %cmpi/u 8, 6, 4;
    %jmp/1 T_12.23, 6;
    %cmpi/u 8, 7, 4;
    %jmp/1 T_12.24, 6;
    %cmpi/u 8, 8, 4;
    %jmp/1 T_12.25, 6;
    %cmpi/u 8, 9, 4;
    %jmp/1 T_12.26, 6;
    %cmpi/u 8, 10, 4;
    %jmp/1 T_12.27, 6;
    %load/v 8, v0x1a71ab0_0, 1;
    %ix/load 0, 1, 0;
    %assign/v0 v0x1a71ab0_0, 0, 8;
    %jmp T_12.29;
T_12.17 ;
    %fork TD_ImageDrawer_tb.inst.Draw0, S_0x1a52470;
    %join;
    %jmp T_12.29;
T_12.18 ;
    %fork TD_ImageDrawer_tb.inst.Draw1, S_0x1a52380;
    %join;
    %jmp T_12.29;
T_12.19 ;
    %fork TD_ImageDrawer_tb.inst.Draw2, S_0x1a52290;
    %join;
    %jmp T_12.29;
T_12.20 ;
    %fork TD_ImageDrawer_tb.inst.Draw3, S_0x1a521a0;
    %join;
    %jmp T_12.29;
T_12.21 ;
    %fork TD_ImageDrawer_tb.inst.Draw4, S_0x1a520b0;
    %join;
    %jmp T_12.29;
T_12.22 ;
    %fork TD_ImageDrawer_tb.inst.Draw5, S_0x1a51fc0;
    %join;
    %jmp T_12.29;
T_12.23 ;
    %fork TD_ImageDrawer_tb.inst.Draw6, S_0x1a51ed0;
    %join;
    %jmp T_12.29;
T_12.24 ;
    %fork TD_ImageDrawer_tb.inst.Draw7, S_0x1a51de0;
    %join;
    %jmp T_12.29;
T_12.25 ;
    %fork TD_ImageDrawer_tb.inst.Draw8, S_0x1a51cf0;
    %join;
    %jmp T_12.29;
T_12.26 ;
    %fork TD_ImageDrawer_tb.inst.Draw9, S_0x1a47430;
    %join;
    %jmp T_12.29;
T_12.27 ;
    %fork TD_ImageDrawer_tb.inst.DrawDots, S_0x1a47340;
    %join;
    %jmp T_12.29;
T_12.29 ;
    %jmp T_12.3;
T_12.2 ;
    %ix/load 0, 1, 0;
    %assign/v0 v0x1a71ab0_0, 0, 0;
T_12.3 ;
T_12.0 ;
    %jmp T_12;
    .thread T_12, $push;
    .scope S_0x19e6780;
T_13 ;
    %wait E_0x1a230a0;
    %load/v 8, v0x1a71f60_0, 6;
    %movi 14, 10, 6;
    %div 8, 14, 6;
    %set/v v0x1a72070_0, 8, 4;
    %load/v 8, v0x1a71f60_0, 6;
    %movi 14, 10, 6;
    %mod 8, 14, 6;
    %set/v v0x1a72110_0, 8, 4;
    %jmp T_13;
    .thread T_13, $push;
    .scope S_0x19e6780;
T_14 ;
    %wait E_0x1a1f680;
    %load/v 8, v0x1a72190_0, 6;
    %movi 14, 10, 6;
    %div 8, 14, 6;
    %set/v v0x1a72420_0, 8, 4;
    %load/v 8, v0x1a72190_0, 6;
    %movi 14, 10, 6;
    %mod 8, 14, 6;
    %set/v v0x1a72540_0, 8, 4;
    %jmp T_14;
    .thread T_14, $push;
    .scope S_0x19e6780;
T_15 ;
    %wait E_0x1a50dc0;
    %load/v 8, v0x1a71c30_0, 10;
    %movi 18, 100, 10;
    %div 8, 18, 10;
    %set/v v0x1a71d20_0, 8, 4;
    %load/v 8, v0x1a71c30_0, 10;
    %movi 18, 100, 10;
    %mod 8, 18, 10;
    %movi 18, 10, 10;
    %div 8, 18, 10;
    %set/v v0x1a71ec0_0, 8, 4;
    %load/v 8, v0x1a71c30_0, 10;
    %movi 18, 10, 10;
    %mod 8, 18, 10;
    %set/v v0x1a71dc0_0, 8, 4;
    %jmp T_15;
    .thread T_15, $push;
    .scope S_0x19e6690;
T_16 ;
    %set/v v0x1a72770_0, 1, 1;
    %movi 8, 6, 4;
    %set/v v0x1a72980_0, 8, 4;
    %movi 8, 54, 6;
    %set/v v0x1a72ab0_0, 8, 6;
    %movi 14, 31, 6;
    %set/v v0x1a72cc0_0, 14, 6;
    %movi 14, 980, 10;
    %set/v v0x1a72a00_0, 14, 10;
    %set/v v0x1a72c10_0, 0, 16;
T_16.0 ;
    %load/v 8, v0x1a72c10_0, 16;
    %mov 24, 0, 1;
   %cmpi/u 8, 480, 17;
    %jmp/0xz T_16.1, 5;
    %set/v v0x1a726f0_0, 0, 16;
T_16.2 ;
    %load/v 8, v0x1a726f0_0, 16;
    %mov 24, 0, 1;
   %cmpi/u 8, 640, 17;
    %jmp/0xz T_16.3, 5;
    %delay 1, 0;
    %load/v 8, v0x1a728d0_0, 1;
    %movi 9, 639, 32;
    %load/v 41, v0x1a726f0_0, 16;
    %mov 57, 0, 1;
    %mov 58, 0, 15;
    %sub 9, 41, 32;
    %ix/get/s 0, 9, 32;
    %jmp/1 t_0, 4;
    %set/x0 v0x1a72820_0, 8, 1;
t_0 ;
    %load/v 8, v0x1a726f0_0, 16;
    %mov 24, 0, 16;
    %addi 8, 1, 32;
    %set/v v0x1a726f0_0, 8, 16;
    %jmp T_16.2;
T_16.3 ;
    %vpi_call 2 32 "$display", "%b", v0x1a72820_0;
    %load/v 8, v0x1a72c10_0, 16;
    %mov 24, 0, 16;
    %addi 8, 1, 32;
    %set/v v0x1a72c10_0, 8, 16;
    %jmp T_16.0;
T_16.1 ;
    %vpi_call 2 35 "$finish";
    %end;
    .thread T_16;
# The file index is used to find the file name in the following table.
:file_names 4;
    "N/A";
    "<interactive>";
    "ImageDrawer_tb.v";
    "./ImageDrawer.v";
